<?xml version="1.0" encoding="UTF-8"?>
<coverage generated="1589470822">
  <project timestamp="1589470822">
    <package name="PHPWatch\SimpleContainer">
      <file name="W:\localhost\contrib\psrpimple\src\Container.php">
        <class name="PHPWatch\SimpleContainer\Container" namespace="PHPWatch\SimpleContainer">
          <metrics complexity="23" methods="12" coveredmethods="12" conditionals="0" coveredconditionals="0" statements="38" coveredstatements="38" elements="50" coveredelements="50"/>
        </class>
        <line num="19" type="method" name="__construct" visibility="public" complexity="1" crap="1" count="19"/>
        <line num="20" type="stmt" count="19"/>
        <line num="21" type="stmt" count="19"/>
        <line num="23" type="method" name="getService" visibility="private" complexity="6" crap="6" count="14"/>
        <line num="24" type="stmt" count="14"/>
        <line num="25" type="stmt" count="2"/>
        <line num="28" type="stmt" count="12"/>
        <line num="29" type="stmt" count="8"/>
        <line num="32" type="stmt" count="8"/>
        <line num="33" type="stmt" count="4"/>
        <line num="36" type="stmt" count="8"/>
        <line num="38" type="stmt" count="7"/>
        <line num="39" type="stmt" count="2"/>
        <line num="42" type="stmt" count="7"/>
        <line num="45" type="method" name="set" visibility="public" complexity="1" crap="1" count="11"/>
        <line num="46" type="stmt" count="11"/>
        <line num="47" type="stmt" count="11"/>
        <line num="48" type="stmt" count="11"/>
        <line num="50" type="method" name="setProtected" visibility="public" complexity="3" crap="3" count="3"/>
        <line num="51" type="stmt" count="3"/>
        <line num="52" type="stmt" count="3"/>
        <line num="55" type="stmt" count="1"/>
        <line num="56" type="stmt" count="1"/>
        <line num="57" type="stmt" count="1"/>
        <line num="59" type="method" name="setFactory" visibility="public" complexity="3" crap="3" count="4"/>
        <line num="60" type="stmt" count="4"/>
        <line num="61" type="stmt" count="3"/>
        <line num="64" type="stmt" count="2"/>
        <line num="65" type="stmt" count="2"/>
        <line num="66" type="stmt" count="2"/>
        <line num="68" type="method" name="getDefaultDefinition" visibility="private" complexity="3" crap="3" count="6"/>
        <line num="69" type="stmt" count="6"/>
        <line num="70" type="stmt" count="2"/>
        <line num="72" type="stmt" count="4"/>
        <line num="73" type="stmt" count="2"/>
        <line num="76" type="stmt" count="2"/>
        <line num="79" type="method" name="offsetSet" visibility="public" complexity="1" crap="1" count="5"/>
        <line num="80" type="stmt" count="5"/>
        <line num="81" type="stmt" count="5"/>
        <line num="83" type="method" name="offsetUnset" visibility="public" complexity="1" crap="1" count="1"/>
        <line num="84" type="stmt" count="1"/>
        <line num="85" type="stmt" count="1"/>
        <line num="87" type="method" name="offsetExists" visibility="public" complexity="1" crap="1" count="3"/>
        <line num="88" type="stmt" count="3"/>
        <line num="91" type="method" name="offsetGet" visibility="public" complexity="1" crap="1" count="11"/>
        <line num="92" type="stmt" count="11"/>
        <line num="98" type="method" name="get" visibility="public" complexity="1" crap="1" count="6"/>
        <line num="99" type="stmt" count="6"/>
        <line num="105" type="method" name="has" visibility="public" complexity="1" crap="1" count="19"/>
        <line num="106" type="stmt" count="19"/>
        <metrics loc="108" ncloc="102" classes="1" methods="12" coveredmethods="12" conditionals="0" coveredconditionals="0" statements="38" coveredstatements="38" elements="50" coveredelements="50"/>
      </file>
    </package>
    <package name="PHPWatch\SimpleContainer\Exception">
      <file name="W:\localhost\contrib\psrpimple\src\Exception\BadMethodCallException.php">
        <class name="PHPWatch\SimpleContainer\Exception\BadMethodCallException" namespace="PHPWatch\SimpleContainer\Exception">
          <metrics complexity="0" methods="0" coveredmethods="0" conditionals="0" coveredconditionals="0" statements="0" coveredstatements="0" elements="0" coveredelements="0"/>
        </class>
        <metrics loc="5" ncloc="5" classes="0" methods="0" coveredmethods="0" conditionals="0" coveredconditionals="0" statements="0" coveredstatements="0" elements="0" coveredelements="0"/>
      </file>
      <file name="W:\localhost\contrib\psrpimple\src\Exception\NotFoundException.php">
        <class name="PHPWatch\SimpleContainer\Exception\NotFoundException" namespace="PHPWatch\SimpleContainer\Exception">
          <metrics complexity="0" methods="0" coveredmethods="0" conditionals="0" coveredconditionals="0" statements="0" coveredstatements="0" elements="0" coveredelements="0"/>
        </class>
        <metrics loc="8" ncloc="8" classes="0" methods="0" coveredmethods="0" conditionals="0" coveredconditionals="0" statements="0" coveredstatements="0" elements="0" coveredelements="0"/>
      </file>
    </package>
    <file name="W:\localhost\contrib\psrpimple\src\Exception\SimpleContainerException.php">
      <metrics loc="7" ncloc="7" classes="0" methods="0" coveredmethods="0" conditionals="0" coveredconditionals="0" statements="0" coveredstatements="0" elements="0" coveredelements="0"/>
    </file>
    <metrics files="4" loc="128" ncloc="122" classes="1" methods="12" coveredmethods="12" conditionals="0" coveredconditionals="0" statements="38" coveredstatements="38" elements="50" coveredelements="50"/>
  </project>
</coverage>
